<?xml version="1.0" encoding="UTF-8"?>
<!-- Generated by org.testng.reporters.JUnitXMLReporter -->
<testsuite ignored="0" hostname="DESKTOP-1UR8HFJ" failures="0" tests="2" name="Test" time="252.063" errors="0" timestamp="2024-03-28T05:05:15 PDT">
  <testcase classname="testCases.TC_001_AccountRegistrationTest" name="verify_account_registration" time="81.216"/>
  <testcase classname="testCases.TC_001_LoginFunctionalityTest" name="verify_login_functionality" time="79.857"/>
</testsuite> <!-- Test -->
