<?xml version="1.0" encoding="UTF-8"?>
<testng-results ignored="0" total="2" passed="2" failed="0" skipped="0">
  <reporter-output>
  </reporter-output>
  <suite started-at="2024-03-27T11:05:33 PDT" name="Suite" finished-at="2024-03-27T11:05:53 PDT" duration-ms="19512">
    <groups>
      <group name="regression">
        <method signature="TC_001_AccountRegistrationTest.verify_account_registration()[pri:0, instance:testCases.TC_001_AccountRegistrationTest@1151e434]" name="verify_account_registration" class="testCases.TC_001_AccountRegistrationTest"/>
      </group> <!-- regression -->
      <group name="sanity">
        <method signature="TC_001_LoginFunctionalityTest.verify_login_functionality()[pri:0, instance:testCases.TC_001_LoginFunctionalityTest@29215f06]" name="verify_login_functionality" class="testCases.TC_001_LoginFunctionalityTest"/>
      </group> <!-- sanity -->
      <group name="master">
        <method signature="TC_001_AccountRegistrationTest.verify_account_registration()[pri:0, instance:testCases.TC_001_AccountRegistrationTest@1151e434]" name="verify_account_registration" class="testCases.TC_001_AccountRegistrationTest"/>
        <method signature="TC_001_LoginFunctionalityTest.verify_login_functionality()[pri:0, instance:testCases.TC_001_LoginFunctionalityTest@29215f06]" name="verify_login_functionality" class="testCases.TC_001_LoginFunctionalityTest"/>
      </group> <!-- master -->
    </groups>
    <test started-at="2024-03-27T11:05:33 PDT" name="Test" finished-at="2024-03-27T11:05:53 PDT" duration-ms="19512">
      <class name="testCases.TC_001_AccountRegistrationTest">
        <test-method is-config="true" signature="setup(java.lang.String,java.lang.String)[pri:0, instance:testCases.TC_001_AccountRegistrationTest@1151e434]" started-at="2024-03-27T11:05:33 PDT" name="setup" finished-at="2024-03-27T11:05:41 PDT" duration-ms="7055" status="PASS">
          <params>
            <param index="0">
              <value>
                <![CDATA[Windows]]>
              </value>
            </param>
            <param index="1">
              <value>
                <![CDATA[chrome]]>
              </value>
            </param>
          </params>
          <reporter-output>
          </reporter-output>
        </test-method> <!-- setup -->
        <test-method signature="verify_account_registration()[pri:0, instance:testCases.TC_001_AccountRegistrationTest@1151e434]" started-at="2024-03-27T11:05:41 PDT" name="verify_account_registration" finished-at="2024-03-27T11:05:43 PDT" duration-ms="2895" status="PASS">
          <reporter-output>
          </reporter-output>
        </test-method> <!-- verify_account_registration -->
        <test-method is-config="true" signature="tearDown()[pri:0, instance:testCases.TC_001_AccountRegistrationTest@1151e434]" started-at="2024-03-27T11:05:43 PDT" name="tearDown" finished-at="2024-03-27T11:05:44 PDT" duration-ms="108" status="PASS">
          <reporter-output>
          </reporter-output>
        </test-method> <!-- tearDown -->
      </class> <!-- testCases.TC_001_AccountRegistrationTest -->
      <class name="testCases.TC_001_LoginFunctionalityTest">
        <test-method is-config="true" signature="setup(java.lang.String,java.lang.String)[pri:0, instance:testCases.TC_001_LoginFunctionalityTest@29215f06]" started-at="2024-03-27T11:05:44 PDT" name="setup" finished-at="2024-03-27T11:05:50 PDT" duration-ms="6239" status="PASS">
          <params>
            <param index="0">
              <value>
                <![CDATA[Windows]]>
              </value>
            </param>
            <param index="1">
              <value>
                <![CDATA[chrome]]>
              </value>
            </param>
          </params>
          <reporter-output>
          </reporter-output>
        </test-method> <!-- setup -->
        <test-method signature="verify_login_functionality()[pri:0, instance:testCases.TC_001_LoginFunctionalityTest@29215f06]" started-at="2024-03-27T11:05:50 PDT" name="verify_login_functionality" finished-at="2024-03-27T11:05:52 PDT" duration-ms="2576" status="PASS">
          <reporter-output>
          </reporter-output>
        </test-method> <!-- verify_login_functionality -->
        <test-method is-config="true" signature="tearDown()[pri:0, instance:testCases.TC_001_LoginFunctionalityTest@29215f06]" started-at="2024-03-27T11:05:52 PDT" name="tearDown" finished-at="2024-03-27T11:05:53 PDT" duration-ms="200" status="PASS">
          <reporter-output>
          </reporter-output>
        </test-method> <!-- tearDown -->
      </class> <!-- testCases.TC_001_LoginFunctionalityTest -->
    </test> <!-- Test -->
  </suite> <!-- Suite -->
</testng-results>
