<?xml version="1.0" encoding="UTF-8"?>
<testng-results ignored="0" total="2" passed="2" failed="0" skipped="0">
  <reporter-output>
  </reporter-output>
  <suite started-at="2024-03-28T05:25:35 PDT" name="Suite" finished-at="2024-03-28T05:28:06 PDT" duration-ms="151803">
    <groups>
      <group name="regression">
        <method signature="TC_001_AccountRegistrationTest.verify_account_registration()[pri:0, instance:testCases.TC_001_AccountRegistrationTest@5fdcaa40]" name="verify_account_registration" class="testCases.TC_001_AccountRegistrationTest"/>
      </group> <!-- regression -->
      <group name="sanity">
        <method signature="TC_001_LoginFunctionalityTest.verify_login_functionality()[pri:0, instance:testCases.TC_001_LoginFunctionalityTest@158da8e]" name="verify_login_functionality" class="testCases.TC_001_LoginFunctionalityTest"/>
      </group> <!-- sanity -->
      <group name="master">
        <method signature="TC_001_AccountRegistrationTest.verify_account_registration()[pri:0, instance:testCases.TC_001_AccountRegistrationTest@5fdcaa40]" name="verify_account_registration" class="testCases.TC_001_AccountRegistrationTest"/>
        <method signature="TC_001_LoginFunctionalityTest.verify_login_functionality()[pri:0, instance:testCases.TC_001_LoginFunctionalityTest@158da8e]" name="verify_login_functionality" class="testCases.TC_001_LoginFunctionalityTest"/>
      </group> <!-- master -->
    </groups>
    <test started-at="2024-03-28T05:25:35 PDT" name="Test" finished-at="2024-03-28T05:28:06 PDT" duration-ms="151803">
      <class name="testCases.TC_001_AccountRegistrationTest">
        <test-method is-config="true" signature="setup(java.lang.String,java.lang.String)[pri:0, instance:testCases.TC_001_AccountRegistrationTest@5fdcaa40]" started-at="2024-03-28T05:25:35 PDT" name="setup" finished-at="2024-03-28T05:27:40 PDT" duration-ms="125574" status="PASS">
          <params>
            <param index="0">
              <value>
                <![CDATA[Windows]]>
              </value>
            </param>
            <param index="1">
              <value>
                <![CDATA[chrome]]>
              </value>
            </param>
          </params>
          <reporter-output>
          </reporter-output>
        </test-method> <!-- setup -->
        <test-method signature="verify_account_registration()[pri:0, instance:testCases.TC_001_AccountRegistrationTest@5fdcaa40]" started-at="2024-03-28T05:27:40 PDT" name="verify_account_registration" finished-at="2024-03-28T05:27:58 PDT" duration-ms="17932" status="PASS">
          <reporter-output>
          </reporter-output>
        </test-method> <!-- verify_account_registration -->
        <test-method is-config="true" signature="tearDown()[pri:0, instance:testCases.TC_001_AccountRegistrationTest@5fdcaa40]" started-at="2024-03-28T05:27:58 PDT" name="tearDown" finished-at="2024-03-28T05:27:59 PDT" duration-ms="225" status="PASS">
          <reporter-output>
          </reporter-output>
        </test-method> <!-- tearDown -->
      </class> <!-- testCases.TC_001_AccountRegistrationTest -->
      <class name="testCases.TC_001_LoginFunctionalityTest">
        <test-method is-config="true" signature="setup(java.lang.String,java.lang.String)[pri:0, instance:testCases.TC_001_LoginFunctionalityTest@158da8e]" started-at="2024-03-28T05:27:59 PDT" name="setup" finished-at="2024-03-28T05:28:04 PDT" duration-ms="5475" status="PASS">
          <params>
            <param index="0">
              <value>
                <![CDATA[Windows]]>
              </value>
            </param>
            <param index="1">
              <value>
                <![CDATA[chrome]]>
              </value>
            </param>
          </params>
          <reporter-output>
          </reporter-output>
        </test-method> <!-- setup -->
        <test-method signature="verify_login_functionality()[pri:0, instance:testCases.TC_001_LoginFunctionalityTest@158da8e]" started-at="2024-03-28T05:28:04 PDT" name="verify_login_functionality" finished-at="2024-03-28T05:28:06 PDT" duration-ms="2108" status="PASS">
          <reporter-output>
          </reporter-output>
        </test-method> <!-- verify_login_functionality -->
        <test-method is-config="true" signature="tearDown()[pri:0, instance:testCases.TC_001_LoginFunctionalityTest@158da8e]" started-at="2024-03-28T05:28:06 PDT" name="tearDown" finished-at="2024-03-28T05:28:06 PDT" duration-ms="134" status="PASS">
          <reporter-output>
          </reporter-output>
        </test-method> <!-- tearDown -->
      </class> <!-- testCases.TC_001_LoginFunctionalityTest -->
    </test> <!-- Test -->
  </suite> <!-- Suite -->
</testng-results>
