<?xml version="1.0" encoding="UTF-8"?>
<testng-results ignored="0" total="2" passed="2" failed="0" skipped="0">
  <reporter-output>
  </reporter-output>
  <suite started-at="2024-03-28T04:49:49 PDT" name="Suite" finished-at="2024-03-28T04:54:26 PDT" duration-ms="276602">
    <groups>
      <group name="regression">
        <method signature="TC_001_AccountRegistrationTest.verify_account_registration()[pri:0, instance:testCases.TC_001_AccountRegistrationTest@53fe15ff]" name="verify_account_registration" class="testCases.TC_001_AccountRegistrationTest"/>
      </group> <!-- regression -->
      <group name="sanity">
        <method signature="TC_001_LoginFunctionalityTest.verify_login_functionality()[pri:0, instance:testCases.TC_001_LoginFunctionalityTest@2eae8e6e]" name="verify_login_functionality" class="testCases.TC_001_LoginFunctionalityTest"/>
      </group> <!-- sanity -->
      <group name="master">
        <method signature="TC_001_AccountRegistrationTest.verify_account_registration()[pri:0, instance:testCases.TC_001_AccountRegistrationTest@53fe15ff]" name="verify_account_registration" class="testCases.TC_001_AccountRegistrationTest"/>
        <method signature="TC_001_LoginFunctionalityTest.verify_login_functionality()[pri:0, instance:testCases.TC_001_LoginFunctionalityTest@2eae8e6e]" name="verify_login_functionality" class="testCases.TC_001_LoginFunctionalityTest"/>
      </group> <!-- master -->
    </groups>
    <test started-at="2024-03-28T04:49:49 PDT" name="Test" finished-at="2024-03-28T04:54:26 PDT" duration-ms="276602">
      <class name="testCases.TC_001_AccountRegistrationTest">
        <test-method is-config="true" signature="setup(java.lang.String,java.lang.String)[pri:0, instance:testCases.TC_001_AccountRegistrationTest@53fe15ff]" started-at="2024-03-28T04:49:50 PDT" name="setup" finished-at="2024-03-28T04:50:31 PDT" duration-ms="40992" status="PASS">
          <params>
            <param index="0">
              <value>
                <![CDATA[Windows]]>
              </value>
            </param>
            <param index="1">
              <value>
                <![CDATA[chrome]]>
              </value>
            </param>
          </params>
          <reporter-output>
          </reporter-output>
        </test-method> <!-- setup -->
        <test-method signature="verify_account_registration()[pri:0, instance:testCases.TC_001_AccountRegistrationTest@53fe15ff]" started-at="2024-03-28T04:50:31 PDT" name="verify_account_registration" finished-at="2024-03-28T04:52:04 PDT" duration-ms="93250" status="PASS">
          <reporter-output>
          </reporter-output>
        </test-method> <!-- verify_account_registration -->
        <test-method is-config="true" signature="tearDown()[pri:0, instance:testCases.TC_001_AccountRegistrationTest@53fe15ff]" started-at="2024-03-28T04:52:04 PDT" name="tearDown" finished-at="2024-03-28T04:52:04 PDT" duration-ms="190" status="PASS">
          <reporter-output>
          </reporter-output>
        </test-method> <!-- tearDown -->
      </class> <!-- testCases.TC_001_AccountRegistrationTest -->
      <class name="testCases.TC_001_LoginFunctionalityTest">
        <test-method is-config="true" signature="setup(java.lang.String,java.lang.String)[pri:0, instance:testCases.TC_001_LoginFunctionalityTest@2eae8e6e]" started-at="2024-03-28T04:52:04 PDT" name="setup" finished-at="2024-03-28T04:52:31 PDT" duration-ms="27419" status="PASS">
          <params>
            <param index="0">
              <value>
                <![CDATA[Windows]]>
              </value>
            </param>
            <param index="1">
              <value>
                <![CDATA[chrome]]>
              </value>
            </param>
          </params>
          <reporter-output>
          </reporter-output>
        </test-method> <!-- setup -->
        <test-method signature="verify_login_functionality()[pri:0, instance:testCases.TC_001_LoginFunctionalityTest@2eae8e6e]" started-at="2024-03-28T04:52:31 PDT" name="verify_login_functionality" finished-at="2024-03-28T04:54:26 PDT" duration-ms="114162" status="PASS">
          <reporter-output>
          </reporter-output>
        </test-method> <!-- verify_login_functionality -->
        <test-method is-config="true" signature="tearDown()[pri:0, instance:testCases.TC_001_LoginFunctionalityTest@2eae8e6e]" started-at="2024-03-28T04:54:26 PDT" name="tearDown" finished-at="2024-03-28T04:54:26 PDT" duration-ms="162" status="PASS">
          <reporter-output>
          </reporter-output>
        </test-method> <!-- tearDown -->
      </class> <!-- testCases.TC_001_LoginFunctionalityTest -->
    </test> <!-- Test -->
  </suite> <!-- Suite -->
</testng-results>
